Using pre-set license
Built from '2020.2/release' branch; Version is '2020.2.4f1 (becced5a802b) revision 12504301'; Using compiler version '192528614'; Build Type 'Release'
OS: 'Windows 10 Enterprise LTSC 2019; OS build 17763.1757; Version 1809; 64bit' Language: 'ru' Physical Memory: 16303 MB
BatchMode: 1, IsHumanControllingUs: 0, StartBugReporterOnCrash: 0, Is64bit: 1, IsPro: 0

 COMMAND LINE ARGUMENTS:
C:\unity hub\2020.2.4f1\Editor\Unity.exe
-adb2
-batchMode
-noUpm
-name
AssetImportWorker0
-projectPath
C:/unity-projects/first-game
-logFile
Logs/AssetImportWorker0.log
-srvPort
61373
Successfully changed project path to: C:/unity-projects/first-game
C:/unity-projects/first-game
Using Asset Import Pipeline V2.
Refreshing native plugins compatible for Editor in 33.48 ms, found 1 plugins.
Preloading 0 native plugins for Editor in 0.00 ms.
Initialize engine version: 2020.2.4f1 (becced5a802b)
[Subsystems] Discovering subsystems at path C:/unity hub/2020.2.4f1/Editor/Data/Resources/UnitySubsystems
[Subsystems] Discovering subsystems at path C:/unity-projects/first-game/Assets
GfxDevice: creating device client; threaded=0
Direct3D:
    Version:  Direct3D 11.0 [level 11.1]
    Renderer: NVIDIA GeForce GTX 1050 Ti (ID=0x1c82)
    Vendor:   
    VRAM:     4018 MB
    Driver:   27.21.14.5671
Initialize mono
Mono path[0] = 'C:/unity hub/2020.2.4f1/Editor/Data/Managed'
Mono path[1] = 'C:/unity hub/2020.2.4f1/Editor/Data/MonoBleedingEdge/lib/mono/unityjit'
Mono config path = 'C:/unity hub/2020.2.4f1/Editor/Data/MonoBleedingEdge/etc'
Using monoOptions --debugger-agent=transport=dt_socket,embedding=1,server=y,suspend=n,address=127.0.0.1:56472
Begin MonoManager ReloadAssembly
Registering precompiled unity dll's ...
Register platform support module: C:/unity hub/2020.2.4f1/Editor/Data/PlaybackEngines/WebGLSupport/UnityEditor.WebGL.Extensions.dll
Register platform support module: C:/unity hub/2020.2.4f1/Editor/Data/PlaybackEngines/WindowsStandaloneSupport/UnityEditor.WindowsStandalone.Extensions.dll
Registered in 0.001601 seconds.
Native extension for WindowsStandalone target not found
Native extension for WebGL target not found
Refreshing native plugins compatible for Editor in 30.04 ms, found 1 plugins.
Preloading 0 native plugins for Editor in 0.00 ms.
Invoked RoslynAnalysisRunner static constructor.
RoslynAnalysisRunner will not be running.
RoslynAnalysisRunner has terminated.
Mono: successfully reloaded assembly
- Completed reload, in  1.305 seconds
Platform modules already initialized, skipping
Registering precompiled user dll's ...
Registered in 0.000733 seconds.
Begin MonoManager ReloadAssembly
Error: Could not load signature of Unity.Android.Logcat.AndroidLogcat:.ctor due to: Could not load file or assembly 'UnityEditor.Android.Extensions, Version=1.0.0.0, Culture=neutral, PublicKeyToken=null' or one of its dependencies. assembly:UnityEditor.Android.Extensions, Version=1.0.0.0, Culture=neutral, PublicKeyToken=null type:<unknown type> member:(null) signature:<none>
0x00007ff699b0651c (Unity) StackWalker::GetCurrentCallstack
0x00007ff699b0e8f9 (Unity) StackWalker::ShowCallstack
0x00007ff69afdc0dc (Unity) GetStacktrace
0x00007ff69c0c6723 (Unity) DebugStringToFile
0x00007ff69992cf3b (Unity) ScanForAttributesAndInterfaceImplementations
0x00007ff69994030a (Unity) MonoManager::EndReloadAssembly
0x00007ff699947539 (Unity) MonoManager::ReloadAssembly
0x00007ff69ace6441 (Unity) LoadDomainAndUserAssemblies
0x00007ff69ace68ee (Unity) LoadUserAssemblies
0x00007ff69a671db1 (Unity) Application::InitializeProject
0x00007ff69afe96b2 (Unity) WinMain
0x00007ff69ce5cad6 (Unity) __scrt_common_main_seh
0x00007ffaa8d67974 (KERNEL32) BaseThreadInitThunk
0x00007ffaa91da2d1 (ntdll) RtlUserThreadStart

Unloading broken assembly Library/ScriptAssemblies/Unity.Mobile.AndroidLogcat.Editor.dll, this assembly can cause crashes in the runtime
0x00007ff699b0651c (Unity) StackWalker::GetCurrentCallstack
0x00007ff699b0e8f9 (Unity) StackWalker::ShowCallstack
0x00007ff69afdc0dc (Unity) GetStacktrace
0x00007ff69c0c6723 (Unity) DebugStringToFile
0x00007ff699949089 (Unity) MonoManager::SetupLoadedEditorAssemblies
0x00007ff69994065c (Unity) MonoManager::EndReloadAssembly
0x00007ff699947539 (Unity) MonoManager::ReloadAssembly
0x00007ff69ace6441 (Unity) LoadDomainAndUserAssemblies
0x00007ff69ace68ee (Unity) LoadUserAssemblies
0x00007ff69a671db1 (Unity) Application::InitializeProject
0x00007ff69afe96b2 (Unity) WinMain
0x00007ff69ce5cad6 (Unity) __scrt_common_main_seh
0x00007ffaa8d67974 (KERNEL32) BaseThreadInitThunk
0x00007ffaa91da2d1 (ntdll) RtlUserThreadStart

Native extension for WindowsStandalone target not found
Native extension for WebGL target not found
Refreshing native plugins compatible for Editor in 30.43 ms, found 1 plugins.
Preloading 0 native plugins for Editor in 0.00 ms.
Invoked RoslynAnalysisRunner static constructor.
RoslynAnalysisRunner will not be running.
RoslynAnalysisRunner has terminated.
Mono: successfully reloaded assembly
- Completed reload, in  1.133 seconds
Platform modules already initialized, skipping
========================================================================
Worker process is ready to serve import requests
Launched and connected shader compiler UnityShaderCompiler.exe after 0.04 seconds
Refreshing native plugins compatible for Editor in 0.80 ms, found 1 plugins.
Preloading 0 native plugins for Editor in 0.00 ms.
Unloading 1876 Unused Serialized files (Serialized files now loaded: 0)
System memory in use before: 86.6 MB.
System memory in use after: 86.7 MB.

Unloading 31 unused Assets to reduce memory usage. Loaded Objects now: 2311.
Total: 2.383300 ms (FindLiveObjects: 0.210600 ms CreateObjectMapping: 0.089900 ms MarkObjects: 2.054000 ms  DeleteObjects: 0.027600 ms)

========================================================================
Received Import Request.
  path: Assets/Figure.prefab
  artifactKey: Guid(08e8bb4ca8a648d4f95191d9594d32d0) Importer(815301076,1909f56bfc062723c751e8b465ee728b)
Start importing Assets/Figure.prefab using Guid(08e8bb4ca8a648d4f95191d9594d32d0) Importer(815301076,1909f56bfc062723c751e8b465ee728b)  -> (artifact id: '24f58ed143c078ad4d3fe29f934ea576') in 0.155545 seconds
  Import took 0.158785 seconds .

